Build started 3/30/2016 7:09:22 PM.
     1>Project "C:\Users\Eric\CS3113\assignment5\NYUCodebase\NYUCodebase.vcxproj" on node 2 (Build target(s)).
     1>ClCompile:
         C:\Program Files (x86)\Microsoft Visual Studio 12.0\VC\bin\CL.exe /c /IC:\SDL2\include /IC:\SDL2_image\include /IC:\glew\include /IC:\SDL2_mixer\include /ZI /nologo /W3 /WX- /sdl /Od /Oy- /D _WINDOWS /D _MBCS /D _MBCS /Gm /EHsc /RTC1 /MDd /GS /fp:precise /Zc:wchar_t /Zc:forScope /Fo"Debug\\" /Fd"Debug\vc120.pdb" /Gd /TP /analyze- /errorReport:prompt main.cpp
         main.cpp
     1>c:\users\eric\cs3113\assignment5\nyucodebase\main.cpp(70): warning C4305: 'initializing' : truncation from 'double' to 'const float'
     1>c:\users\eric\cs3113\assignment5\nyucodebase\main.cpp(89): warning C4244: 'argument' : conversion from 'time_t' to 'unsigned int', possible loss of data
     1>c:\users\eric\cs3113\assignment5\nyucodebase\main.cpp(283): warning C4244: 'initializing' : conversion from 'float' to 'int', possible loss of data
     1>c:\users\eric\cs3113\assignment5\nyucodebase\main.cpp(284): warning C4244: 'initializing' : conversion from 'float' to 'int', possible loss of data
     1>c:\users\eric\cs3113\assignment5\nyucodebase\main.cpp(285): warning C4244: 'initializing' : conversion from 'float' to 'int', possible loss of data
     1>c:\users\eric\cs3113\assignment5\nyucodebase\main.cpp(286): warning C4244: 'initializing' : conversion from 'float' to 'int', possible loss of data
     1>c:\users\eric\cs3113\assignment5\nyucodebase\main.cpp(287): warning C4244: 'initializing' : conversion from 'float' to 'int', possible loss of data
     1>c:\users\eric\cs3113\assignment5\nyucodebase\main.cpp(288): warning C4244: 'initializing' : conversion from 'float' to 'int', possible loss of data
     1>c:\users\eric\cs3113\assignment5\nyucodebase\main.cpp(382): warning C4244: '=' : conversion from 'double' to 'float', possible loss of data
     1>c:\users\eric\cs3113\assignment5\nyucodebase\main.cpp(384): warning C4244: '=' : conversion from 'double' to 'float', possible loss of data
       Link:
         C:\Program Files (x86)\Microsoft Visual Studio 12.0\VC\bin\link.exe /ERRORREPORT:PROMPT /OUT:"C:\Users\Eric\CS3113\assignment5\Debug\NYUCodebase.exe" /INCREMENTAL /NOLOGO /LIBPATH:C:\SDL2_mixer\lib\x86 /LIBPATH:C:\SDL2\lib\x86 /LIBPATH:C:\SDL2_image\lib\x86 /LIBPATH:C:\glew\lib\Release\Win32 SDL2.lib SDL2_mixer.lib glew32.lib SDL2main.lib SDL2_image.lib OpenGL32.lib /MANIFEST /MANIFESTUAC:"level='asInvoker' uiAccess='false'" /manifest:embed /DEBUG /PDB:"C:\Users\Eric\CS3113\assignment5\Debug\NYUCodebase.pdb" /SUBSYSTEM:WINDOWS /TLBID:1 /DYNAMICBASE /NXCOMPAT /IMPLIB:"C:\Users\Eric\CS3113\assignment5\Debug\NYUCodebase.lib" /MACHINE:X86 Debug\DrawSpriteText.obj
         Debug\Entity.obj
         Debug\main.obj
         Debug\math_internal.obj
         Debug\Matrix.obj
         Debug\ShaderProgram.obj
         Debug\SheetSprite.obj
         NYUCodebase.vcxproj -> C:\Users\Eric\CS3113\assignment5\Debug\NYUCodebase.exe
     1>Done Building Project "C:\Users\Eric\CS3113\assignment5\NYUCodebase\NYUCodebase.vcxproj" (Build target(s)).

Build succeeded.

Time Elapsed 00:00:01.32
