Build started 5/12/2016 1:55:58 PM.
     1>Project "C:\Users\Eric\CS3113\Final Project\NYUCodebase\NYUCodebase.vcxproj" on node 2 (Build target(s)).
     1>ClCompile:
         C:\Program Files (x86)\Microsoft Visual Studio 12.0\VC\bin\CL.exe /c /IC:\SDL2\include /IC:\SDL2_image\include /IC:\glew\include /IC:\SDL2_mixer\include /Zi /nologo /W3 /WX- /sdl /O2 /Oi /Oy- /GL /D _WINDOWS /D _MBCS /D _MBCS /Gm- /EHsc /MD /GS /Gy /fp:precise /Zc:wchar_t /Zc:forScope /Fo"Release\\" /Fd"Release\vc120.pdb" /Gd /TP /analyze- /errorReport:prompt main.cpp utils.cpp
         main.cpp
     1>main.cpp(62): warning C4244: 'argument' : conversion from 'time_t' to 'unsigned int', possible loss of data
     1>main.cpp(81): warning C4244: 'argument' : conversion from 'float' to 'int', possible loss of data
     1>main.cpp(87): warning C4244: 'argument' : conversion from 'float' to 'int', possible loss of data
     1>main.cpp(135): warning C4305: '=' : truncation from 'double' to 'float'
     1>main.cpp(144): warning C4244: '=' : conversion from 'GLuint' to 'float', possible loss of data
     1>main.cpp(150): warning C4244: '=' : conversion from 'GLuint' to 'float', possible loss of data
         utils.cpp
     1>utils.cpp(33): warning C4244: 'initializing' : conversion from 'float' to 'int', possible loss of data
     1>utils.cpp(34): warning C4244: 'initializing' : conversion from 'float' to 'int', possible loss of data
     1>utils.cpp(35): warning C4244: 'initializing' : conversion from 'float' to 'int', possible loss of data
     1>utils.cpp(36): warning C4244: 'initializing' : conversion from 'float' to 'int', possible loss of data
     1>utils.cpp(37): warning C4244: 'initializing' : conversion from 'float' to 'int', possible loss of data
     1>utils.cpp(38): warning C4244: 'initializing' : conversion from 'float' to 'int', possible loss of data
     1>utils.cpp(175): warning C4244: 'argument' : conversion from 'float' to 'int', possible loss of data
     1>utils.cpp(185): warning C4244: 'argument' : conversion from 'float' to 'int', possible loss of data
     1>utils.cpp(194): warning C4244: 'argument' : conversion from 'float' to 'int', possible loss of data
       Link:
         C:\Program Files (x86)\Microsoft Visual Studio 12.0\VC\bin\link.exe /ERRORREPORT:PROMPT /OUT:"C:\Users\Eric\CS3113\Final Project\Release\NYUCodebase.exe" /NOLOGO /LIBPATH:C:\SDL2_mixer\lib\x86 /LIBPATH:C:\SDL2\lib\x86 /LIBPATH:C:\SDL2_image\lib\x86 /LIBPATH:C:\glew\lib\Release\Win32 SDL2.lib SDL2_mixer.lib glew32.lib SDL2main.lib SDL2_image.lib OpenGL32.lib /MANIFEST /MANIFESTUAC:"level='asInvoker' uiAccess='false'" /manifest:embed /DEBUG /PDB:"C:\Users\Eric\CS3113\Final Project\Release\NYUCodebase.pdb" /SUBSYSTEM:WINDOWS /OPT:REF /OPT:ICF /LTCG /TLBID:1 /DYNAMICBASE /NXCOMPAT /IMPLIB:"C:\Users\Eric\CS3113\Final Project\Release\NYUCodebase.lib" /MACHINE:X86 /SAFESEH Release\DrawSpriteText.obj
         Release\Entity.obj
         Release\Game.obj
         Release\main.obj
         Release\math_internal.obj
         Release\Matrix.obj
         Release\Over.obj
         Release\ShaderProgram.obj
         Release\SheetSprite.obj
         Release\Title.obj
         Release\utils.obj
         Generating code
         Finished generating code
         NYUCodebase.vcxproj -> C:\Users\Eric\CS3113\Final Project\Release\NYUCodebase.exe
     1>Done Building Project "C:\Users\Eric\CS3113\Final Project\NYUCodebase\NYUCodebase.vcxproj" (Build target(s)).

Build succeeded.

Time Elapsed 00:00:03.34
