Build started 5/12/2016 1:26:10 PM.
     1>Project "C:\Users\Eric\CS3113\Final Project\NYUCodebase\NYUCodebase.vcxproj" on node 2 (Build target(s)).
     1>ClCompile:
         C:\Program Files (x86)\Microsoft Visual Studio 12.0\VC\bin\CL.exe /c /IC:\SDL2\include /IC:\SDL2_image\include /IC:\glew\include /IC:\SDL2_mixer\include /ZI /nologo /W3 /WX- /sdl /Od /Oy- /D _WINDOWS /D _MBCS /D _MBCS /Gm /EHsc /RTC1 /MDd /GS /fp:precise /Zc:wchar_t /Zc:forScope /Fo"Debug\\" /Fd"Debug\vc120.pdb" /Gd /TP /analyze- /errorReport:prompt main.cpp utils.cpp
         utils.cpp
     1>c:\users\eric\cs3113\final project\nyucodebase\utils.cpp(33): warning C4244: 'initializing' : conversion from 'float' to 'int', possible loss of data
     1>c:\users\eric\cs3113\final project\nyucodebase\utils.cpp(34): warning C4244: 'initializing' : conversion from 'float' to 'int', possible loss of data
     1>c:\users\eric\cs3113\final project\nyucodebase\utils.cpp(35): warning C4244: 'initializing' : conversion from 'float' to 'int', possible loss of data
     1>c:\users\eric\cs3113\final project\nyucodebase\utils.cpp(36): warning C4244: 'initializing' : conversion from 'float' to 'int', possible loss of data
     1>c:\users\eric\cs3113\final project\nyucodebase\utils.cpp(37): warning C4244: 'initializing' : conversion from 'float' to 'int', possible loss of data
     1>c:\users\eric\cs3113\final project\nyucodebase\utils.cpp(38): warning C4244: 'initializing' : conversion from 'float' to 'int', possible loss of data
     1>c:\users\eric\cs3113\final project\nyucodebase\utils.cpp(175): warning C4244: 'argument' : conversion from 'float' to 'int', possible loss of data
     1>c:\users\eric\cs3113\final project\nyucodebase\utils.cpp(185): warning C4244: 'argument' : conversion from 'float' to 'int', possible loss of data
     1>c:\users\eric\cs3113\final project\nyucodebase\utils.cpp(194): warning C4244: 'argument' : conversion from 'float' to 'int', possible loss of data
         main.cpp
     1>c:\users\eric\cs3113\final project\nyucodebase\main.cpp(60): warning C4244: 'argument' : conversion from 'time_t' to 'unsigned int', possible loss of data
     1>c:\users\eric\cs3113\final project\nyucodebase\main.cpp(79): warning C4244: 'argument' : conversion from 'float' to 'int', possible loss of data
     1>c:\users\eric\cs3113\final project\nyucodebase\main.cpp(85): warning C4244: 'argument' : conversion from 'float' to 'int', possible loss of data
     1>c:\users\eric\cs3113\final project\nyucodebase\main.cpp(133): warning C4305: '=' : truncation from 'double' to 'float'
     1>c:\users\eric\cs3113\final project\nyucodebase\main.cpp(142): warning C4244: '=' : conversion from 'GLuint' to 'float', possible loss of data
     1>c:\users\eric\cs3113\final project\nyucodebase\main.cpp(148): warning C4244: '=' : conversion from 'GLuint' to 'float', possible loss of data
         Generating Code...
       Link:
         C:\Program Files (x86)\Microsoft Visual Studio 12.0\VC\bin\link.exe /ERRORREPORT:PROMPT /OUT:"C:\Users\Eric\CS3113\Final Project\Debug\NYUCodebase.exe" /INCREMENTAL /NOLOGO /LIBPATH:C:\SDL2_mixer\lib\x86 /LIBPATH:C:\SDL2\lib\x86 /LIBPATH:C:\SDL2_image\lib\x86 /LIBPATH:C:\glew\lib\Release\Win32 SDL2.lib SDL2_mixer.lib glew32.lib SDL2main.lib SDL2_image.lib OpenGL32.lib /MANIFEST /MANIFESTUAC:"level='asInvoker' uiAccess='false'" /manifest:embed /DEBUG /PDB:"C:\Users\Eric\CS3113\Final Project\Debug\NYUCodebase.pdb" /SUBSYSTEM:WINDOWS /TLBID:1 /DYNAMICBASE /NXCOMPAT /IMPLIB:"C:\Users\Eric\CS3113\Final Project\Debug\NYUCodebase.lib" /MACHINE:X86 Debug\DrawSpriteText.obj
         Debug\Entity.obj
         Debug\Game.obj
         Debug\main.obj
         Debug\math_internal.obj
         Debug\Matrix.obj
         Debug\Over.obj
         Debug\ShaderProgram.obj
         Debug\SheetSprite.obj
         Debug\Title.obj
         Debug\utils.obj
         NYUCodebase.vcxproj -> C:\Users\Eric\CS3113\Final Project\Debug\NYUCodebase.exe
     1>Done Building Project "C:\Users\Eric\CS3113\Final Project\NYUCodebase\NYUCodebase.vcxproj" (Build target(s)).

Build succeeded.

Time Elapsed 00:00:02.21
